Build started 4/10/2014 9:18:26 PM.
     1>Project "C:\Users\eckerdj1\Documents\GitHub\Comp446_Game2\Game2\Colored Cube.vcxproj" on node 2 (build target(s)).
     1>InitializeBuildStatus:
         Creating "Debug\Game2.unsuccessfulbuild" because "AlwaysCreate" was specified.
       ClCompile:
         c:\Program Files (x86)\Microsoft Visual Studio 10.0\VC\bin\CL.exe /c /ZI /nologo /W3 /WX- /Od /Oy- /D WIN32 /D _DEBUG /D _WINDOWS /D _UNICODE /D UNICODE /Gm /EHsc /RTC1 /MDd /GS /fp:precise /Zc:wchar_t /Zc:forScope /Fo"Debug\\" /Fd"Debug\vc100.pdb" /Gd /TP /analyze- /errorReport:prompt Game2App.cpp
         Game2App.cpp
     1>c:\users\eckerdj1\documents\github\comp446_game2\game2\game2app.cpp(289): warning C4244: 'argument' : conversion from 'time_t' to 'unsigned int', possible loss of data
     1>c:\users\eckerdj1\documents\github\comp446_game2\game2\game2app.cpp(450): warning C4244: 'argument' : conversion from 'int' to 'FLOAT', possible loss of data
     1>c:\users\eckerdj1\documents\github\comp446_game2\game2\game2app.cpp(450): warning C4244: 'argument' : conversion from 'int' to 'FLOAT', possible loss of data
     1>c:\users\eckerdj1\documents\github\comp446_game2\game2\game2app.cpp(544): warning C4244: 'argument' : conversion from 'int' to 'FLOAT', possible loss of data
     1>c:\users\eckerdj1\documents\github\comp446_game2\game2\game2app.cpp(550): warning C4018: '<' : signed/unsigned mismatch
     1>c:\users\eckerdj1\documents\github\comp446_game2\game2\game2app.cpp(558): warning C4018: '<' : signed/unsigned mismatch
     1>c:\users\eckerdj1\documents\github\comp446_game2\game2\game2app.cpp(572): warning C4018: '<' : signed/unsigned mismatch
     1>c:\users\eckerdj1\documents\github\comp446_game2\game2\game2app.cpp(586): warning C4018: '<' : signed/unsigned mismatch
     1>c:\users\eckerdj1\documents\github\comp446_game2\game2\game2app.cpp(600): warning C4018: '<' : signed/unsigned mismatch
     1>c:\users\eckerdj1\documents\github\comp446_game2\game2\game2app.cpp(628): warning C4018: '<' : signed/unsigned mismatch
     1>c:\users\eckerdj1\documents\github\comp446_game2\game2\game2app.cpp(637): warning C4018: '<' : signed/unsigned mismatch
     1>c:\users\eckerdj1\documents\github\comp446_game2\game2\game2app.cpp(638): warning C4018: '<' : signed/unsigned mismatch
     1>c:\users\eckerdj1\documents\github\comp446_game2\game2\game2app.cpp(644): warning C4018: '<' : signed/unsigned mismatch
     1>c:\users\eckerdj1\documents\github\comp446_game2\game2\game2app.cpp(782): warning C4018: '<' : signed/unsigned mismatch
       ManifestResourceCompile:
         All outputs are up-to-date.
       Link:
         c:\Program Files (x86)\Microsoft Visual Studio 10.0\VC\bin\link.exe /ERRORREPORT:PROMPT /OUT:"C:\Users\eckerdj1\Documents\GitHub\Comp446_Game2\Game2\Debug\Game2.exe" /INCREMENTAL /NOLOGO xinput.lib d3d10.lib d3dx10d.lib dxerr.lib dxguid.lib kernel32.lib user32.lib gdi32.lib winspool.lib comdlg32.lib advapi32.lib shell32.lib ole32.lib oleaut32.lib uuid.lib odbc32.lib odbccp32.lib /MANIFEST /ManifestFile:"Debug\Game2.exe.intermediate.manifest" /MANIFESTUAC:"level='asInvoker' uiAccess='false'" /DEBUG /PDB:"C:\Users\eckerdj1\Documents\GitHub\Comp446_Game2\Game2\Debug\Game2.pdb" /SUBSYSTEM:WINDOWS /TLBID:1 /DYNAMICBASE /NXCOMPAT /IMPLIB:"C:\Users\eckerdj1\Documents\GitHub\Comp446_Game2\Game2\Debug\Game2.lib" /MACHINE:X86 Debug\Game2.exe.embed.manifest.res
         Debug\audio.obj
         Debug\Body.obj
         Debug\BodyPart.obj
         Debug\Box.obj
         Debug\Enemy.obj
         Debug\Floor.obj
         Debug\Game2App.obj
         Debug\d3dApp.obj
         Debug\GameObject.obj
         Debug\GameTimer.obj
         Debug\input.obj
         Debug\Level.obj
         Debug\Line.obj
         Debug\LineObject.obj
         Debug\Obstacle.obj
         Debug\Pickup.obj
         Debug\Player.obj
         Debug\Quad.obj
         Debug\Score.obj
         Debug\Text.obj
         Debug\TileObject.obj
         Debug\Tower.obj
         Debug\Wall.obj
       Manifest:
         C:\Program Files (x86)\Microsoft SDKs\Windows\v7.0A\bin\mt.exe /nologo /verbose /out:"Debug\Game2.exe.embed.manifest" /manifest Debug\Game2.exe.intermediate.manifest
         All outputs are up-to-date.
       LinkEmbedManifest:
         All outputs are up-to-date.
         Colored Cube.vcxproj -> C:\Users\eckerdj1\Documents\GitHub\Comp446_Game2\Game2\Debug\Game2.exe
       FinalizeBuildStatus:
         Deleting file "Debug\Game2.unsuccessfulbuild".
         Touching "Debug\Game2.lastbuildstate".
     1>Done Building Project "C:\Users\eckerdj1\Documents\GitHub\Comp446_Game2\Game2\Colored Cube.vcxproj" (build target(s)).

Build succeeded.

Time Elapsed 00:00:27.66
